INFO:root:This is the start of the program.
ERROR:root:MyTest program error at line 25.
ERROR:root:MyTest program error at line 25.
ERROR:root:MyTest program error at line 25.
ERROR:root:MyTest program error at line 64.
INFO:root:This is the start of the program.
ERROR:root:MyTest program error at line 25.
ERROR:root:MyTest program error at line 25.
ERROR:root:MyTest program error at line 25.
ERROR:root:MyTest program error at line 64.
INFO:root:This is the start of the program.
ERROR:root:MyTest program error at line 25.
ERROR:root:MyTest program error at line 25.
ERROR:root:MyTest program error at line 25.
ERROR:root:MyTest program error at line 64.
INFO:root:This is the start of the program.
ERROR:root:MyTest program error at line 25.
ERROR:root:MyTest program error at line 25.
ERROR:root:MyTest program error at line 25.
ERROR:root:MyTest program error at line 64.
INFO:root:This is the network check area.
ERROR:root:NetworkCheck object is not correct.
INFO:root:This is the start of the program.
ERROR:root:Program error at line 25.
ERROR:root:Program error at line 25.
ERROR:root:Program error at line 25.
ERROR:root:MyTest program error at line 64.
INFO:root:This is the network check area.
ERROR:root:NetworkCheck object is not correct.
INFO:root:This is the start of the program.
ERROR:root:Program error at line 25.
ERROR:root:Program error at line 25.
ERROR:root:Program error at line 25.
ERROR:root:MyTest program error at line 64.
INFO:root:This is the network check area.
INFO:root:This is the start of the program.
ERROR:root:Program error at line 25.
ERROR:root:Program error at line 25.
ERROR:root:Program error at line 25.
ERROR:root:MyTest program error at line 64.
INFO:root:This is the network check area.
INFO:root:This is the start of the program.
ERROR:root:Program error at line 25.
ERROR:root:Program error at line 25.
ERROR:root:Program error at line 25.
ERROR:root:MyTest program error at line 64.
INFO:root:This is the network check area.
INFO:root:This is the start of the program.
ERROR:root:Program error at line 25.
ERROR:root:Program error at line 25.
ERROR:root:Program error at line 25.
ERROR:root:MyTest program error at line 64.
INFO:root:This is the network check area.
INFO:root:This is the start of the program.
ERROR:root:Program error at line 25.
ERROR:root:Program error at line 25.
ERROR:root:Program error at line 25.
ERROR:root:MyTest program error at line 64.
INFO:root:This is the network check area.
INFO:root:This is the start of the program.
ERROR:root:Program error at line 25.
ERROR:root:Program error at line 25.
ERROR:root:Program error at line 25.
ERROR:root:MyTest program error at line 64.
INFO:root:This is the network check area.
INFO:root:This is the start of the program.
ERROR:root:Program error at line 25.
ERROR:root:Program error at line 25.
ERROR:root:Program error at line 25.
ERROR:root:MyTest program error at line 64.
INFO:root:This is the network check area.
INFO:root:This is the start of the program.
ERROR:root:Program error at line 25.
ERROR:root:Program error at line 25.
ERROR:root:Program error at line 25.
ERROR:root:MyTest program error at line 64.
INFO:root:This is the network check area.
INFO:root:This is the start of the program.
ERROR:root:Program error at line 25.
ERROR:root:Program error at line 25.
ERROR:root:Program error at line 25.
ERROR:root:MyTest program error at line 64.
INFO:root:This is the start of the program.
ERROR:root:Program error at line 25.
ERROR:root:Program error at line 25.
ERROR:root:Program error at line 25.
ERROR:root:MyTest program error at line 64.
INFO:root:This is the start of the program.
ERROR:root:Program error at line 25.
ERROR:root:Program error at line 25.
ERROR:root:Program error at line 25.
ERROR:root:MyTest program error at line 64.
